2020-02-10 11:15:47 [127.0.0.1][-][cr9u0pig4bigue47m71543j1c7][error][yii\base\ErrorException:8] yii\base\ErrorException: Undefined variable: model in D:\OpenServer\domains\task\controllers\SiteController.php:96
Stack trace:
#0 D:\OpenServer\domains\task\controllers\SiteController.php(96): yii\base\ErrorHandler->handleError(8, 'Undefined varia...', 'D:\\OpenServer\\d...', 96, Array)
#1 [internal function]: app\controllers\SiteController->actionIndex()
#2 D:\OpenServer\domains\task\vendor\yiisoft\yii2\base\InlineAction.php(57): call_user_func_array(Array, Array)
#3 D:\OpenServer\domains\task\vendor\yiisoft\yii2\base\Controller.php(157): yii\base\InlineAction->runWithParams(Array)
#4 D:\OpenServer\domains\task\vendor\yiisoft\yii2\base\Module.php(528): yii\base\Controller->runAction('index', Array)
#5 D:\OpenServer\domains\task\vendor\yiisoft\yii2\web\Application.php(103): yii\base\Module->runAction('site/index', Array)
#6 D:\OpenServer\domains\task\vendor\yiisoft\yii2\base\Application.php(386): yii\web\Application->handleRequest(Object(yii\web\Request))
#7 D:\OpenServer\domains\task\web\index.php(12): yii\base\Application->run()
#8 {main}
2020-02-10 11:15:47 [127.0.0.1][-][cr9u0pig4bigue47m71543j1c7][info][application] $_COOKIE = [
    '_csrf' => '5769773806b2ec1d771e636439837028ff6a60393c8da611e0488a7dafd8b3fea:2:{i:0;s:5:\"_csrf\";i:1;s:32:\"rm_SsfTuGQCiMY6FjTn7rYcOk-5CM1hF\";}'
    'PHPSESSID' => 'cr9u0pig4bigue47m71543j1c7'
]

$_SESSION = [
    '__flash' => []
]

$_SERVER = [
    'HTTP_HOST' => 'task.local'
    'HTTP_CONNECTION' => 'keep-alive'
    'HTTP_CACHE_CONTROL' => 'max-age=0'
    'HTTP_UPGRADE_INSECURE_REQUESTS' => '1'
    'HTTP_USER_AGENT' => 'Mozilla/5.0 (Windows NT 6.1) AppleWebKit/537.36 (KHTML, like Gecko) Chrome/79.0.3945.130 Safari/537.36'
    'HTTP_ACCEPT' => 'text/html,application/xhtml+xml,application/xml;q=0.9,image/webp,image/apng,*/*;q=0.8,application/signed-exchange;v=b3;q=0.9'
    'HTTP_REFERER' => 'http://task.local/'
    'HTTP_ACCEPT_ENCODING' => 'gzip, deflate'
    'HTTP_ACCEPT_LANGUAGE' => 'ru-RU,ru;q=0.9,en-US;q=0.8,en;q=0.7,la;q=0.6'
    'HTTP_COOKIE' => '_csrf=5769773806b2ec1d771e636439837028ff6a60393c8da611e0488a7dafd8b3fea%3A2%3A%7Bi%3A0%3Bs%3A5%3A%22_csrf%22%3Bi%3A1%3Bs%3A32%3A%22rm_SsfTuGQCiMY6FjTn7rYcOk-5CM1hF%22%3B%7D; PHPSESSID=cr9u0pig4bigue47m71543j1c7'
    'PATH' => 'd:\\openserver\\modules\\php\\PHP-7\\ext;d:\\openserver\\modules\\php\\PHP-7\\pear;d:\\openserver\\modules\\php\\PHP-7\\pear\\bin;d:\\openserver\\modules\\php\\PHP-7;d:\\openserver\\modules\\wget\\bin;d:\\openserver\\modules\\database\\MySQL-5.5\\bin;d:\\openserver\\modules\\http\\Apache-PHP-7\\bin;d:\\openserver\\modules\\http\\Apache-PHP-7;C:\\Windows\\system32;C:\\Windows;C:\\Windows\\system32\\Wbem'
    'SystemRoot' => 'C:\\Windows'
    'COMSPEC' => 'C:\\Windows\\system32\\cmd.exe'
    'PATHEXT' => '.COM;.EXE;.BAT;.CMD;.VBS;.VBE;.JS;.JSE;.WSF;.WSH;.MSC'
    'WINDIR' => 'C:\\Windows'
    'SERVER_SIGNATURE' => ''
    'SERVER_SOFTWARE' => 'Apache'
    'SERVER_NAME' => 'task.local'
    'SERVER_ADDR' => '127.0.0.1'
    'SERVER_PORT' => '80'
    'REMOTE_ADDR' => '127.0.0.1'
    'DOCUMENT_ROOT' => 'D:/OpenServer/domains/task/web'
    'REQUEST_SCHEME' => 'http'
    'CONTEXT_PREFIX' => ''
    'CONTEXT_DOCUMENT_ROOT' => 'D:/OpenServer/domains/task/web'
    'SERVER_ADMIN' => '[no address given]'
    'SCRIPT_FILENAME' => 'D:/OpenServer/domains/task/web/index.php'
    'REMOTE_PORT' => '17527'
    'GATEWAY_INTERFACE' => 'CGI/1.1'
    'SERVER_PROTOCOL' => 'HTTP/1.1'
    'REQUEST_METHOD' => 'GET'
    'QUERY_STRING' => ''
    'REQUEST_URI' => '/'
    'SCRIPT_NAME' => '/index.php'
    'PHP_SELF' => '/index.php'
    'REQUEST_TIME_FLOAT' => 1581322547.908
    'REQUEST_TIME' => 1581322547
    'argv' => []
    'argc' => 0
]
2020-02-10 11:17:49 [127.0.0.1][-][cr9u0pig4bigue47m71543j1c7][error][yii\base\ErrorException:8] yii\base\ErrorException: Undefined variable: profile in D:\OpenServer\domains\task\controllers\SiteController.php:96
Stack trace:
#0 D:\OpenServer\domains\task\controllers\SiteController.php(96): yii\base\ErrorHandler->handleError(8, 'Undefined varia...', 'D:\\OpenServer\\d...', 96, Array)
#1 [internal function]: app\controllers\SiteController->actionIndex()
#2 D:\OpenServer\domains\task\vendor\yiisoft\yii2\base\InlineAction.php(57): call_user_func_array(Array, Array)
#3 D:\OpenServer\domains\task\vendor\yiisoft\yii2\base\Controller.php(157): yii\base\InlineAction->runWithParams(Array)
#4 D:\OpenServer\domains\task\vendor\yiisoft\yii2\base\Module.php(528): yii\base\Controller->runAction('index', Array)
#5 D:\OpenServer\domains\task\vendor\yiisoft\yii2\web\Application.php(103): yii\base\Module->runAction('site/index', Array)
#6 D:\OpenServer\domains\task\vendor\yiisoft\yii2\base\Application.php(386): yii\web\Application->handleRequest(Object(yii\web\Request))
#7 D:\OpenServer\domains\task\web\index.php(12): yii\base\Application->run()
#8 {main}
2020-02-10 11:17:49 [127.0.0.1][-][cr9u0pig4bigue47m71543j1c7][info][application] $_COOKIE = [
    '_csrf' => '5769773806b2ec1d771e636439837028ff6a60393c8da611e0488a7dafd8b3fea:2:{i:0;s:5:\"_csrf\";i:1;s:32:\"rm_SsfTuGQCiMY6FjTn7rYcOk-5CM1hF\";}'
    'PHPSESSID' => 'cr9u0pig4bigue47m71543j1c7'
]

$_SESSION = [
    '__flash' => []
]

$_SERVER = [
    'HTTP_HOST' => 'task.local'
    'HTTP_CONNECTION' => 'keep-alive'
    'HTTP_PRAGMA' => 'no-cache'
    'HTTP_CACHE_CONTROL' => 'no-cache'
    'HTTP_UPGRADE_INSECURE_REQUESTS' => '1'
    'HTTP_USER_AGENT' => 'Mozilla/5.0 (Windows NT 6.1) AppleWebKit/537.36 (KHTML, like Gecko) Chrome/79.0.3945.130 Safari/537.36'
    'HTTP_ACCEPT' => 'text/html,application/xhtml+xml,application/xml;q=0.9,image/webp,image/apng,*/*;q=0.8,application/signed-exchange;v=b3;q=0.9'
    'HTTP_REFERER' => 'http://task.local/'
    'HTTP_ACCEPT_ENCODING' => 'gzip, deflate'
    'HTTP_ACCEPT_LANGUAGE' => 'ru-RU,ru;q=0.9,en-US;q=0.8,en;q=0.7,la;q=0.6'
    'HTTP_COOKIE' => '_csrf=5769773806b2ec1d771e636439837028ff6a60393c8da611e0488a7dafd8b3fea%3A2%3A%7Bi%3A0%3Bs%3A5%3A%22_csrf%22%3Bi%3A1%3Bs%3A32%3A%22rm_SsfTuGQCiMY6FjTn7rYcOk-5CM1hF%22%3B%7D; PHPSESSID=cr9u0pig4bigue47m71543j1c7'
    'PATH' => 'd:\\openserver\\modules\\php\\PHP-7\\ext;d:\\openserver\\modules\\php\\PHP-7\\pear;d:\\openserver\\modules\\php\\PHP-7\\pear\\bin;d:\\openserver\\modules\\php\\PHP-7;d:\\openserver\\modules\\wget\\bin;d:\\openserver\\modules\\database\\MySQL-5.5\\bin;d:\\openserver\\modules\\http\\Apache-PHP-7\\bin;d:\\openserver\\modules\\http\\Apache-PHP-7;C:\\Windows\\system32;C:\\Windows;C:\\Windows\\system32\\Wbem'
    'SystemRoot' => 'C:\\Windows'
    'COMSPEC' => 'C:\\Windows\\system32\\cmd.exe'
    'PATHEXT' => '.COM;.EXE;.BAT;.CMD;.VBS;.VBE;.JS;.JSE;.WSF;.WSH;.MSC'
    'WINDIR' => 'C:\\Windows'
    'SERVER_SIGNATURE' => ''
    'SERVER_SOFTWARE' => 'Apache'
    'SERVER_NAME' => 'task.local'
    'SERVER_ADDR' => '127.0.0.1'
    'SERVER_PORT' => '80'
    'REMOTE_ADDR' => '127.0.0.1'
    'DOCUMENT_ROOT' => 'D:/OpenServer/domains/task/web'
    'REQUEST_SCHEME' => 'http'
    'CONTEXT_PREFIX' => ''
    'CONTEXT_DOCUMENT_ROOT' => 'D:/OpenServer/domains/task/web'
    'SERVER_ADMIN' => '[no address given]'
    'SCRIPT_FILENAME' => 'D:/OpenServer/domains/task/web/index.php'
    'REMOTE_PORT' => '17537'
    'GATEWAY_INTERFACE' => 'CGI/1.1'
    'SERVER_PROTOCOL' => 'HTTP/1.1'
    'REQUEST_METHOD' => 'GET'
    'QUERY_STRING' => ''
    'REQUEST_URI' => '/'
    'SCRIPT_NAME' => '/index.php'
    'PHP_SELF' => '/index.php'
    'REQUEST_TIME_FLOAT' => 1581322669.147
    'REQUEST_TIME' => 1581322669
    'argv' => []
    'argc' => 0
]
2020-02-10 11:18:07 [127.0.0.1][-][cr9u0pig4bigue47m71543j1c7][error][yii\web\HttpException:404] yii\base\InvalidRouteException: Unable to resolve the request "img/bodybg/bg1.png". in D:\OpenServer\domains\task\vendor\yiisoft\yii2\base\Module.php:537
Stack trace:
#0 D:\OpenServer\domains\task\vendor\yiisoft\yii2\web\Application.php(103): yii\base\Module->runAction('img/bodybg/bg1....', Array)
#1 D:\OpenServer\domains\task\vendor\yiisoft\yii2\base\Application.php(386): yii\web\Application->handleRequest(Object(yii\web\Request))
#2 D:\OpenServer\domains\task\web\index.php(12): yii\base\Application->run()
#3 {main}

Next yii\web\NotFoundHttpException: Sahifa topilmadi. in D:\OpenServer\domains\task\vendor\yiisoft\yii2\web\Application.php:115
Stack trace:
#0 D:\OpenServer\domains\task\vendor\yiisoft\yii2\base\Application.php(386): yii\web\Application->handleRequest(Object(yii\web\Request))
#1 D:\OpenServer\domains\task\web\index.php(12): yii\base\Application->run()
#2 {main}
2020-02-10 11:18:07 [127.0.0.1][-][cr9u0pig4bigue47m71543j1c7][info][application] $_COOKIE = [
    '_csrf' => '5769773806b2ec1d771e636439837028ff6a60393c8da611e0488a7dafd8b3fea:2:{i:0;s:5:\"_csrf\";i:1;s:32:\"rm_SsfTuGQCiMY6FjTn7rYcOk-5CM1hF\";}'
    'PHPSESSID' => 'cr9u0pig4bigue47m71543j1c7'
]

$_SESSION = [
    '__flash' => []
]

$_SERVER = [
    'REDIRECT_STATUS' => '200'
    'HTTP_HOST' => 'task.local'
    'HTTP_CONNECTION' => 'keep-alive'
    'HTTP_PRAGMA' => 'no-cache'
    'HTTP_CACHE_CONTROL' => 'no-cache'
    'HTTP_USER_AGENT' => 'Mozilla/5.0 (Windows NT 6.1) AppleWebKit/537.36 (KHTML, like Gecko) Chrome/79.0.3945.130 Safari/537.36'
    'HTTP_ACCEPT' => 'image/webp,image/apng,image/*,*/*;q=0.8'
    'HTTP_REFERER' => 'http://task.local/bodybg/bg1.css'
    'HTTP_ACCEPT_ENCODING' => 'gzip, deflate'
    'HTTP_ACCEPT_LANGUAGE' => 'ru-RU,ru;q=0.9,en-US;q=0.8,en;q=0.7,la;q=0.6'
    'HTTP_COOKIE' => '_csrf=5769773806b2ec1d771e636439837028ff6a60393c8da611e0488a7dafd8b3fea%3A2%3A%7Bi%3A0%3Bs%3A5%3A%22_csrf%22%3Bi%3A1%3Bs%3A32%3A%22rm_SsfTuGQCiMY6FjTn7rYcOk-5CM1hF%22%3B%7D; PHPSESSID=cr9u0pig4bigue47m71543j1c7'
    'PATH' => 'd:\\openserver\\modules\\php\\PHP-7\\ext;d:\\openserver\\modules\\php\\PHP-7\\pear;d:\\openserver\\modules\\php\\PHP-7\\pear\\bin;d:\\openserver\\modules\\php\\PHP-7;d:\\openserver\\modules\\wget\\bin;d:\\openserver\\modules\\database\\MySQL-5.5\\bin;d:\\openserver\\modules\\http\\Apache-PHP-7\\bin;d:\\openserver\\modules\\http\\Apache-PHP-7;C:\\Windows\\system32;C:\\Windows;C:\\Windows\\system32\\Wbem'
    'SystemRoot' => 'C:\\Windows'
    'COMSPEC' => 'C:\\Windows\\system32\\cmd.exe'
    'PATHEXT' => '.COM;.EXE;.BAT;.CMD;.VBS;.VBE;.JS;.JSE;.WSF;.WSH;.MSC'
    'WINDIR' => 'C:\\Windows'
    'SERVER_SIGNATURE' => ''
    'SERVER_SOFTWARE' => 'Apache'
    'SERVER_NAME' => 'task.local'
    'SERVER_ADDR' => '127.0.0.1'
    'SERVER_PORT' => '80'
    'REMOTE_ADDR' => '127.0.0.1'
    'DOCUMENT_ROOT' => 'D:/OpenServer/domains/task/web'
    'REQUEST_SCHEME' => 'http'
    'CONTEXT_PREFIX' => ''
    'CONTEXT_DOCUMENT_ROOT' => 'D:/OpenServer/domains/task/web'
    'SERVER_ADMIN' => '[no address given]'
    'SCRIPT_FILENAME' => 'D:/OpenServer/domains/task/web/index.php'
    'REMOTE_PORT' => '17541'
    'REDIRECT_URL' => '/img/bodybg/bg1.png'
    'GATEWAY_INTERFACE' => 'CGI/1.1'
    'SERVER_PROTOCOL' => 'HTTP/1.1'
    'REQUEST_METHOD' => 'GET'
    'QUERY_STRING' => ''
    'REQUEST_URI' => '/img/bodybg/bg1.png'
    'SCRIPT_NAME' => '/index.php'
    'PHP_SELF' => '/index.php'
    'REQUEST_TIME_FLOAT' => 1581322687.508
    'REQUEST_TIME' => 1581322687
    'argv' => []
    'argc' => 0
]
2020-02-10 11:18:16 [127.0.0.1][-][cr9u0pig4bigue47m71543j1c7][error][yii\web\HttpException:404] yii\base\InvalidRouteException: Unable to resolve the request "img/bodybg/bg1.png". in D:\OpenServer\domains\task\vendor\yiisoft\yii2\base\Module.php:537
Stack trace:
#0 D:\OpenServer\domains\task\vendor\yiisoft\yii2\web\Application.php(103): yii\base\Module->runAction('img/bodybg/bg1....', Array)
#1 D:\OpenServer\domains\task\vendor\yiisoft\yii2\base\Application.php(386): yii\web\Application->handleRequest(Object(yii\web\Request))
#2 D:\OpenServer\domains\task\web\index.php(12): yii\base\Application->run()
#3 {main}

Next yii\web\NotFoundHttpException: Sahifa topilmadi. in D:\OpenServer\domains\task\vendor\yiisoft\yii2\web\Application.php:115
Stack trace:
#0 D:\OpenServer\domains\task\vendor\yiisoft\yii2\base\Application.php(386): yii\web\Application->handleRequest(Object(yii\web\Request))
#1 D:\OpenServer\domains\task\web\index.php(12): yii\base\Application->run()
#2 {main}
2020-02-10 11:18:16 [127.0.0.1][-][cr9u0pig4bigue47m71543j1c7][info][application] $_COOKIE = [
    '_csrf' => '5769773806b2ec1d771e636439837028ff6a60393c8da611e0488a7dafd8b3fea:2:{i:0;s:5:\"_csrf\";i:1;s:32:\"rm_SsfTuGQCiMY6FjTn7rYcOk-5CM1hF\";}'
    'PHPSESSID' => 'cr9u0pig4bigue47m71543j1c7'
]

$_SESSION = [
    '__flash' => []
]

$_SERVER = [
    'REDIRECT_STATUS' => '200'
    'HTTP_HOST' => 'task.local'
    'HTTP_CONNECTION' => 'keep-alive'
    'HTTP_PRAGMA' => 'no-cache'
    'HTTP_CACHE_CONTROL' => 'no-cache'
    'HTTP_USER_AGENT' => 'Mozilla/5.0 (Windows NT 6.1) AppleWebKit/537.36 (KHTML, like Gecko) Chrome/79.0.3945.130 Safari/537.36'
    'HTTP_ACCEPT' => 'image/webp,image/apng,image/*,*/*;q=0.8'
    'HTTP_REFERER' => 'http://task.local/bodybg/bg1.css'
    'HTTP_ACCEPT_ENCODING' => 'gzip, deflate'
    'HTTP_ACCEPT_LANGUAGE' => 'ru-RU,ru;q=0.9,en-US;q=0.8,en;q=0.7,la;q=0.6'
    'HTTP_COOKIE' => '_csrf=5769773806b2ec1d771e636439837028ff6a60393c8da611e0488a7dafd8b3fea%3A2%3A%7Bi%3A0%3Bs%3A5%3A%22_csrf%22%3Bi%3A1%3Bs%3A32%3A%22rm_SsfTuGQCiMY6FjTn7rYcOk-5CM1hF%22%3B%7D; PHPSESSID=cr9u0pig4bigue47m71543j1c7'
    'PATH' => 'd:\\openserver\\modules\\php\\PHP-7\\ext;d:\\openserver\\modules\\php\\PHP-7\\pear;d:\\openserver\\modules\\php\\PHP-7\\pear\\bin;d:\\openserver\\modules\\php\\PHP-7;d:\\openserver\\modules\\wget\\bin;d:\\openserver\\modules\\database\\MySQL-5.5\\bin;d:\\openserver\\modules\\http\\Apache-PHP-7\\bin;d:\\openserver\\modules\\http\\Apache-PHP-7;C:\\Windows\\system32;C:\\Windows;C:\\Windows\\system32\\Wbem'
    'SystemRoot' => 'C:\\Windows'
    'COMSPEC' => 'C:\\Windows\\system32\\cmd.exe'
    'PATHEXT' => '.COM;.EXE;.BAT;.CMD;.VBS;.VBE;.JS;.JSE;.WSF;.WSH;.MSC'
    'WINDIR' => 'C:\\Windows'
    'SERVER_SIGNATURE' => ''
    'SERVER_SOFTWARE' => 'Apache'
    'SERVER_NAME' => 'task.local'
    'SERVER_ADDR' => '127.0.0.1'
    'SERVER_PORT' => '80'
    'REMOTE_ADDR' => '127.0.0.1'
    'DOCUMENT_ROOT' => 'D:/OpenServer/domains/task/web'
    'REQUEST_SCHEME' => 'http'
    'CONTEXT_PREFIX' => ''
    'CONTEXT_DOCUMENT_ROOT' => 'D:/OpenServer/domains/task/web'
    'SERVER_ADMIN' => '[no address given]'
    'SCRIPT_FILENAME' => 'D:/OpenServer/domains/task/web/index.php'
    'REMOTE_PORT' => '17548'
    'REDIRECT_URL' => '/img/bodybg/bg1.png'
    'GATEWAY_INTERFACE' => 'CGI/1.1'
    'SERVER_PROTOCOL' => 'HTTP/1.1'
    'REQUEST_METHOD' => 'GET'
    'QUERY_STRING' => ''
    'REQUEST_URI' => '/img/bodybg/bg1.png'
    'SCRIPT_NAME' => '/index.php'
    'PHP_SELF' => '/index.php'
    'REQUEST_TIME_FLOAT' => 1581322696.552
    'REQUEST_TIME' => 1581322696
    'argv' => []
    'argc' => 0
]
2020-02-10 11:18:35 [127.0.0.1][7][bbmmav5h2n9ol1mmvtl579cj51][error][yii\web\HttpException:404] yii\base\InvalidRouteException: Unable to resolve the request "img/bodybg/bg1.png". in D:\OpenServer\domains\task\vendor\yiisoft\yii2\base\Module.php:537
Stack trace:
#0 D:\OpenServer\domains\task\vendor\yiisoft\yii2\web\Application.php(103): yii\base\Module->runAction('img/bodybg/bg1....', Array)
#1 D:\OpenServer\domains\task\vendor\yiisoft\yii2\base\Application.php(386): yii\web\Application->handleRequest(Object(yii\web\Request))
#2 D:\OpenServer\domains\task\web\index.php(12): yii\base\Application->run()
#3 {main}

Next yii\web\NotFoundHttpException: Sahifa topilmadi. in D:\OpenServer\domains\task\vendor\yiisoft\yii2\web\Application.php:115
Stack trace:
#0 D:\OpenServer\domains\task\vendor\yiisoft\yii2\base\Application.php(386): yii\web\Application->handleRequest(Object(yii\web\Request))
#1 D:\OpenServer\domains\task\web\index.php(12): yii\base\Application->run()
#2 {main}
2020-02-10 11:18:35 [127.0.0.1][7][bbmmav5h2n9ol1mmvtl579cj51][info][application] $_COOKIE = [
    '_csrf' => '5769773806b2ec1d771e636439837028ff6a60393c8da611e0488a7dafd8b3fea:2:{i:0;s:5:\"_csrf\";i:1;s:32:\"rm_SsfTuGQCiMY6FjTn7rYcOk-5CM1hF\";}'
    'PHPSESSID' => 'bbmmav5h2n9ol1mmvtl579cj51'
    '_identity' => '72b4c5e5f45c83e3bebeff5a06e6d46117315c473a37001b74263053f4f96956a:2:{i:0;s:9:\"_identity\";i:1;s:46:\"[7,\"g488tHFAc5G1_93Y9CPfWoTDkrM8CD-Y\",2592000]\";}'
]

$_SESSION = [
    '__flash' => []
    '__id' => 7
]

$_SERVER = [
    'REDIRECT_STATUS' => '200'
    'HTTP_HOST' => 'task.local'
    'HTTP_CONNECTION' => 'keep-alive'
    'HTTP_USER_AGENT' => 'Mozilla/5.0 (Windows NT 6.1) AppleWebKit/537.36 (KHTML, like Gecko) Chrome/79.0.3945.130 Safari/537.36'
    'HTTP_ACCEPT' => 'image/webp,image/apng,image/*,*/*;q=0.8'
    'HTTP_REFERER' => 'http://task.local/bodybg/bg1.css'
    'HTTP_ACCEPT_ENCODING' => 'gzip, deflate'
    'HTTP_ACCEPT_LANGUAGE' => 'ru-RU,ru;q=0.9,en-US;q=0.8,en;q=0.7,la;q=0.6'
    'HTTP_COOKIE' => '_csrf=5769773806b2ec1d771e636439837028ff6a60393c8da611e0488a7dafd8b3fea%3A2%3A%7Bi%3A0%3Bs%3A5%3A%22_csrf%22%3Bi%3A1%3Bs%3A32%3A%22rm_SsfTuGQCiMY6FjTn7rYcOk-5CM1hF%22%3B%7D; PHPSESSID=bbmmav5h2n9ol1mmvtl579cj51; _identity=72b4c5e5f45c83e3bebeff5a06e6d46117315c473a37001b74263053f4f96956a%3A2%3A%7Bi%3A0%3Bs%3A9%3A%22_identity%22%3Bi%3A1%3Bs%3A46%3A%22%5B7%2C%22g488tHFAc5G1_93Y9CPfWoTDkrM8CD-Y%22%2C2592000%5D%22%3B%7D'
    'PATH' => 'd:\\openserver\\modules\\php\\PHP-7\\ext;d:\\openserver\\modules\\php\\PHP-7\\pear;d:\\openserver\\modules\\php\\PHP-7\\pear\\bin;d:\\openserver\\modules\\php\\PHP-7;d:\\openserver\\modules\\wget\\bin;d:\\openserver\\modules\\database\\MySQL-5.5\\bin;d:\\openserver\\modules\\http\\Apache-PHP-7\\bin;d:\\openserver\\modules\\http\\Apache-PHP-7;C:\\Windows\\system32;C:\\Windows;C:\\Windows\\system32\\Wbem'
    'SystemRoot' => 'C:\\Windows'
    'COMSPEC' => 'C:\\Windows\\system32\\cmd.exe'
    'PATHEXT' => '.COM;.EXE;.BAT;.CMD;.VBS;.VBE;.JS;.JSE;.WSF;.WSH;.MSC'
    'WINDIR' => 'C:\\Windows'
    'SERVER_SIGNATURE' => ''
    'SERVER_SOFTWARE' => 'Apache'
    'SERVER_NAME' => 'task.local'
    'SERVER_ADDR' => '127.0.0.1'
    'SERVER_PORT' => '80'
    'REMOTE_ADDR' => '127.0.0.1'
    'DOCUMENT_ROOT' => 'D:/OpenServer/domains/task/web'
    'REQUEST_SCHEME' => 'http'
    'CONTEXT_PREFIX' => ''
    'CONTEXT_DOCUMENT_ROOT' => 'D:/OpenServer/domains/task/web'
    'SERVER_ADMIN' => '[no address given]'
    'SCRIPT_FILENAME' => 'D:/OpenServer/domains/task/web/index.php'
    'REMOTE_PORT' => '17552'
    'REDIRECT_URL' => '/img/bodybg/bg1.png'
    'GATEWAY_INTERFACE' => 'CGI/1.1'
    'SERVER_PROTOCOL' => 'HTTP/1.1'
    'REQUEST_METHOD' => 'GET'
    'QUERY_STRING' => ''
    'REQUEST_URI' => '/img/bodybg/bg1.png'
    'SCRIPT_NAME' => '/index.php'
    'PHP_SELF' => '/index.php'
    'REQUEST_TIME_FLOAT' => 1581322715.559
    'REQUEST_TIME' => 1581322715
    'argv' => []
    'argc' => 0
]
2020-02-10 11:39:31 [127.0.0.1][7][bbmmav5h2n9ol1mmvtl579cj51][error][yii\web\HttpException:404] yii\base\InvalidRouteException: Unable to resolve the request "img/bodybg/bg1.png". in D:\OpenServer\domains\task\vendor\yiisoft\yii2\base\Module.php:537
Stack trace:
#0 D:\OpenServer\domains\task\vendor\yiisoft\yii2\web\Application.php(103): yii\base\Module->runAction('img/bodybg/bg1....', Array)
#1 D:\OpenServer\domains\task\vendor\yiisoft\yii2\base\Application.php(386): yii\web\Application->handleRequest(Object(yii\web\Request))
#2 D:\OpenServer\domains\task\web\index.php(12): yii\base\Application->run()
#3 {main}

Next yii\web\NotFoundHttpException: Sahifa topilmadi. in D:\OpenServer\domains\task\vendor\yiisoft\yii2\web\Application.php:115
Stack trace:
#0 D:\OpenServer\domains\task\vendor\yiisoft\yii2\base\Application.php(386): yii\web\Application->handleRequest(Object(yii\web\Request))
#1 D:\OpenServer\domains\task\web\index.php(12): yii\base\Application->run()
#2 {main}
2020-02-10 11:39:31 [127.0.0.1][7][bbmmav5h2n9ol1mmvtl579cj51][info][application] $_COOKIE = [
    '_csrf' => '5769773806b2ec1d771e636439837028ff6a60393c8da611e0488a7dafd8b3fea:2:{i:0;s:5:\"_csrf\";i:1;s:32:\"rm_SsfTuGQCiMY6FjTn7rYcOk-5CM1hF\";}'
    'PHPSESSID' => 'bbmmav5h2n9ol1mmvtl579cj51'
    '_identity' => '72b4c5e5f45c83e3bebeff5a06e6d46117315c473a37001b74263053f4f96956a:2:{i:0;s:9:\"_identity\";i:1;s:46:\"[7,\"g488tHFAc5G1_93Y9CPfWoTDkrM8CD-Y\",2592000]\";}'
]

$_SESSION = [
    '__flash' => []
    '__id' => 7
]

$_SERVER = [
    'REDIRECT_STATUS' => '200'
    'HTTP_HOST' => 'task.local'
    'HTTP_CONNECTION' => 'keep-alive'
    'HTTP_PRAGMA' => 'no-cache'
    'HTTP_CACHE_CONTROL' => 'no-cache'
    'HTTP_USER_AGENT' => 'Mozilla/5.0 (Windows NT 6.1) AppleWebKit/537.36 (KHTML, like Gecko) Chrome/79.0.3945.130 Safari/537.36'
    'HTTP_ACCEPT' => 'image/webp,image/apng,image/*,*/*;q=0.8'
    'HTTP_REFERER' => 'http://task.local/bodybg/bg1.css'
    'HTTP_ACCEPT_ENCODING' => 'gzip, deflate'
    'HTTP_ACCEPT_LANGUAGE' => 'ru-RU,ru;q=0.9,en-US;q=0.8,en;q=0.7,la;q=0.6'
    'HTTP_COOKIE' => '_csrf=5769773806b2ec1d771e636439837028ff6a60393c8da611e0488a7dafd8b3fea%3A2%3A%7Bi%3A0%3Bs%3A5%3A%22_csrf%22%3Bi%3A1%3Bs%3A32%3A%22rm_SsfTuGQCiMY6FjTn7rYcOk-5CM1hF%22%3B%7D; PHPSESSID=bbmmav5h2n9ol1mmvtl579cj51; _identity=72b4c5e5f45c83e3bebeff5a06e6d46117315c473a37001b74263053f4f96956a%3A2%3A%7Bi%3A0%3Bs%3A9%3A%22_identity%22%3Bi%3A1%3Bs%3A46%3A%22%5B7%2C%22g488tHFAc5G1_93Y9CPfWoTDkrM8CD-Y%22%2C2592000%5D%22%3B%7D'
    'PATH' => 'd:\\openserver\\modules\\php\\PHP-7\\ext;d:\\openserver\\modules\\php\\PHP-7\\pear;d:\\openserver\\modules\\php\\PHP-7\\pear\\bin;d:\\openserver\\modules\\php\\PHP-7;d:\\openserver\\modules\\wget\\bin;d:\\openserver\\modules\\database\\MySQL-5.5\\bin;d:\\openserver\\modules\\http\\Apache-PHP-7\\bin;d:\\openserver\\modules\\http\\Apache-PHP-7;C:\\Windows\\system32;C:\\Windows;C:\\Windows\\system32\\Wbem'
    'SystemRoot' => 'C:\\Windows'
    'COMSPEC' => 'C:\\Windows\\system32\\cmd.exe'
    'PATHEXT' => '.COM;.EXE;.BAT;.CMD;.VBS;.VBE;.JS;.JSE;.WSF;.WSH;.MSC'
    'WINDIR' => 'C:\\Windows'
    'SERVER_SIGNATURE' => ''
    'SERVER_SOFTWARE' => 'Apache'
    'SERVER_NAME' => 'task.local'
    'SERVER_ADDR' => '127.0.0.1'
    'SERVER_PORT' => '80'
    'REMOTE_ADDR' => '127.0.0.1'
    'DOCUMENT_ROOT' => 'D:/OpenServer/domains/task/web'
    'REQUEST_SCHEME' => 'http'
    'CONTEXT_PREFIX' => ''
    'CONTEXT_DOCUMENT_ROOT' => 'D:/OpenServer/domains/task/web'
    'SERVER_ADMIN' => '[no address given]'
    'SCRIPT_FILENAME' => 'D:/OpenServer/domains/task/web/index.php'
    'REMOTE_PORT' => '19117'
    'REDIRECT_URL' => '/img/bodybg/bg1.png'
    'GATEWAY_INTERFACE' => 'CGI/1.1'
    'SERVER_PROTOCOL' => 'HTTP/1.1'
    'REQUEST_METHOD' => 'GET'
    'QUERY_STRING' => ''
    'REQUEST_URI' => '/img/bodybg/bg1.png'
    'SCRIPT_NAME' => '/index.php'
    'PHP_SELF' => '/index.php'
    'REQUEST_TIME_FLOAT' => 1581323971.51
    'REQUEST_TIME' => 1581323971
    'argv' => []
    'argc' => 0
]
2020-02-10 11:39:53 [127.0.0.1][7][bbmmav5h2n9ol1mmvtl579cj51][error][yii\web\HttpException:404] yii\base\InvalidRouteException: Unable to resolve the request "img/bodybg/bg1.png". in D:\OpenServer\domains\task\vendor\yiisoft\yii2\base\Module.php:537
Stack trace:
#0 D:\OpenServer\domains\task\vendor\yiisoft\yii2\web\Application.php(103): yii\base\Module->runAction('img/bodybg/bg1....', Array)
#1 D:\OpenServer\domains\task\vendor\yiisoft\yii2\base\Application.php(386): yii\web\Application->handleRequest(Object(yii\web\Request))
#2 D:\OpenServer\domains\task\web\index.php(12): yii\base\Application->run()
#3 {main}

Next yii\web\NotFoundHttpException: Sahifa topilmadi. in D:\OpenServer\domains\task\vendor\yiisoft\yii2\web\Application.php:115
Stack trace:
#0 D:\OpenServer\domains\task\vendor\yiisoft\yii2\base\Application.php(386): yii\web\Application->handleRequest(Object(yii\web\Request))
#1 D:\OpenServer\domains\task\web\index.php(12): yii\base\Application->run()
#2 {main}
2020-02-10 11:39:52 [127.0.0.1][7][bbmmav5h2n9ol1mmvtl579cj51][info][application] $_COOKIE = [
    '_csrf' => '5769773806b2ec1d771e636439837028ff6a60393c8da611e0488a7dafd8b3fea:2:{i:0;s:5:\"_csrf\";i:1;s:32:\"rm_SsfTuGQCiMY6FjTn7rYcOk-5CM1hF\";}'
    'PHPSESSID' => 'bbmmav5h2n9ol1mmvtl579cj51'
    '_identity' => '72b4c5e5f45c83e3bebeff5a06e6d46117315c473a37001b74263053f4f96956a:2:{i:0;s:9:\"_identity\";i:1;s:46:\"[7,\"g488tHFAc5G1_93Y9CPfWoTDkrM8CD-Y\",2592000]\";}'
]

$_SESSION = [
    '__flash' => []
    '__id' => 7
]

$_SERVER = [
    'REDIRECT_STATUS' => '200'
    'HTTP_HOST' => 'task.local'
    'HTTP_CONNECTION' => 'keep-alive'
    'HTTP_USER_AGENT' => 'Mozilla/5.0 (Windows NT 6.1) AppleWebKit/537.36 (KHTML, like Gecko) Chrome/79.0.3945.130 Safari/537.36'
    'HTTP_ACCEPT' => 'image/webp,image/apng,image/*,*/*;q=0.8'
    'HTTP_REFERER' => 'http://task.local/bodybg/bg1.css'
    'HTTP_ACCEPT_ENCODING' => 'gzip, deflate'
    'HTTP_ACCEPT_LANGUAGE' => 'ru-RU,ru;q=0.9,en-US;q=0.8,en;q=0.7,la;q=0.6'
    'HTTP_COOKIE' => '_csrf=5769773806b2ec1d771e636439837028ff6a60393c8da611e0488a7dafd8b3fea%3A2%3A%7Bi%3A0%3Bs%3A5%3A%22_csrf%22%3Bi%3A1%3Bs%3A32%3A%22rm_SsfTuGQCiMY6FjTn7rYcOk-5CM1hF%22%3B%7D; PHPSESSID=bbmmav5h2n9ol1mmvtl579cj51; _identity=72b4c5e5f45c83e3bebeff5a06e6d46117315c473a37001b74263053f4f96956a%3A2%3A%7Bi%3A0%3Bs%3A9%3A%22_identity%22%3Bi%3A1%3Bs%3A46%3A%22%5B7%2C%22g488tHFAc5G1_93Y9CPfWoTDkrM8CD-Y%22%2C2592000%5D%22%3B%7D'
    'PATH' => 'd:\\openserver\\modules\\php\\PHP-7\\ext;d:\\openserver\\modules\\php\\PHP-7\\pear;d:\\openserver\\modules\\php\\PHP-7\\pear\\bin;d:\\openserver\\modules\\php\\PHP-7;d:\\openserver\\modules\\wget\\bin;d:\\openserver\\modules\\database\\MySQL-5.5\\bin;d:\\openserver\\modules\\http\\Apache-PHP-7\\bin;d:\\openserver\\modules\\http\\Apache-PHP-7;C:\\Windows\\system32;C:\\Windows;C:\\Windows\\system32\\Wbem'
    'SystemRoot' => 'C:\\Windows'
    'COMSPEC' => 'C:\\Windows\\system32\\cmd.exe'
    'PATHEXT' => '.COM;.EXE;.BAT;.CMD;.VBS;.VBE;.JS;.JSE;.WSF;.WSH;.MSC'
    'WINDIR' => 'C:\\Windows'
    'SERVER_SIGNATURE' => ''
    'SERVER_SOFTWARE' => 'Apache'
    'SERVER_NAME' => 'task.local'
    'SERVER_ADDR' => '127.0.0.1'
    'SERVER_PORT' => '80'
    'REMOTE_ADDR' => '127.0.0.1'
    'DOCUMENT_ROOT' => 'D:/OpenServer/domains/task/web'
    'REQUEST_SCHEME' => 'http'
    'CONTEXT_PREFIX' => ''
    'CONTEXT_DOCUMENT_ROOT' => 'D:/OpenServer/domains/task/web'
    'SERVER_ADMIN' => '[no address given]'
    'SCRIPT_FILENAME' => 'D:/OpenServer/domains/task/web/index.php'
    'REMOTE_PORT' => '19243'
    'REDIRECT_URL' => '/img/bodybg/bg1.png'
    'GATEWAY_INTERFACE' => 'CGI/1.1'
    'SERVER_PROTOCOL' => 'HTTP/1.1'
    'REQUEST_METHOD' => 'GET'
    'QUERY_STRING' => ''
    'REQUEST_URI' => '/img/bodybg/bg1.png'
    'SCRIPT_NAME' => '/index.php'
    'PHP_SELF' => '/index.php'
    'REQUEST_TIME_FLOAT' => 1581323992.742
    'REQUEST_TIME' => 1581323992
    'argv' => []
    'argc' => 0
]
